<?xml version="1.0" encoding="UTF-8"?>
<testng-results skipped="0" failed="0" ignored="0" total="1" passed="1">
  <reporter-output>
    <line>
      <![CDATA[Browser is launched Successfully]]>
    </line>
    <line>
      <![CDATA[Browser is maximized Successfully]]>
    </line>
    <line>
      <![CDATA[Login Page  displayed successfully]]>
    </line>
    <line>
      <![CDATA[Successfully logged in to the application]]>
    </line>
    <line>
      <![CDATA[Successfully closed the browser]]>
    </line>
  </reporter-output>
  <suite name="Default suite" duration-ms="20243" started-at="2022-03-02T18:12:14 IST" finished-at="2022-03-02T18:12:34 IST">
    <groups>
    </groups>
    <test name="Default test" duration-ms="20243" started-at="2022-03-02T18:12:14 IST" finished-at="2022-03-02T18:12:34 IST">
      <class name="automationScript.TC_001JewelryTest">
        <test-method status="PASS" signature="beforeClass(java.lang.String)[pri:0, instance:automationScript.TC_001JewelryTest@4f2b503c]" name="beforeClass" is-config="true" duration-ms="3253" started-at="2022-03-02T18:12:14 IST" finished-at="2022-03-02T18:12:17 IST">
          <params>
            <param index="0">
              <value>
                <![CDATA[chrome]]>
              </value>
            </param>
          </params>
          <reporter-output>
            <line>
              <![CDATA[Browser is launched Successfully]]>
            </line>
            <line>
              <![CDATA[Browser is maximized Successfully]]>
            </line>
          </reporter-output>
        </test-method> <!-- beforeClass -->
        <test-method status="PASS" signature="beforeMethod()[pri:0, instance:automationScript.TC_001JewelryTest@4f2b503c]" name="beforeMethod" is-config="true" duration-ms="9362" started-at="2022-03-02T18:12:17 IST" finished-at="2022-03-02T18:12:26 IST">
          <reporter-output>
            <line>
              <![CDATA[Login Page  displayed successfully]]>
            </line>
            <line>
              <![CDATA[Successfully logged in to the application]]>
            </line>
          </reporter-output>
        </test-method> <!-- beforeMethod -->
        <test-method status="PASS" signature="jewelry()[pri:0, instance:automationScript.TC_001JewelryTest@4f2b503c]" name="jewelry" duration-ms="6705" started-at="2022-03-02T18:12:26 IST" finished-at="2022-03-02T18:12:33 IST">
          <reporter-output>
          </reporter-output>
        </test-method> <!-- jewelry -->
        <test-method status="PASS" signature="afterMethod()[pri:0, instance:automationScript.TC_001JewelryTest@4f2b503c]" name="afterMethod" is-config="true" duration-ms="1" started-at="2022-03-02T18:12:33 IST" finished-at="2022-03-02T18:12:33 IST">
          <reporter-output>
          </reporter-output>
        </test-method> <!-- afterMethod -->
        <test-method status="PASS" signature="afterClass()[pri:0, instance:automationScript.TC_001JewelryTest@4f2b503c]" name="afterClass" is-config="true" duration-ms="855" started-at="2022-03-02T18:12:33 IST" finished-at="2022-03-02T18:12:34 IST">
          <reporter-output>
            <line>
              <![CDATA[Successfully closed the browser]]>
            </line>
          </reporter-output>
        </test-method> <!-- afterClass -->
      </class> <!-- automationScript.TC_001JewelryTest -->
    </test> <!-- Default test -->
  </suite> <!-- Default suite -->
</testng-results>
